<?xml version="1.0" encoding="UTF-8"?>
<testng-results ignored="0" total="3" passed="3" failed="0" skipped="0">
  <reporter-output>
  </reporter-output>
  <suite started-at="2026-08-18T09:38:29 IST" name="Suite" finished-at="2026-08-18T09:38:49 IST" duration-ms="20024">
    <groups>
    </groups>
    <test started-at="2026-08-18T09:38:29 IST" name="EdgeTest" finished-at="2026-08-18T09:38:47 IST" duration-ms="17704">
      <class name="com.ParallelTesting.ParallelTestingDemo">
        <test-method is-config="true" signature="setUp(java.lang.String)[pri:0, instance:com.ParallelTesting.ParallelTestingDemo@6c284af]" started-at="2026-08-18T09:38:29 IST" name="setUp" finished-at="2026-08-18T09:38:35 IST" duration-ms="5417" status="PASS">
          <params>
            <param index="0">
              <value>
                <![CDATA[Edge]]>
              </value>
            </param>
          </params>
          <reporter-output>
          </reporter-output>
        </test-method> <!-- setUp -->
        <test-method signature="BrowserTest()[pri:0, instance:com.ParallelTesting.ParallelTestingDemo@6c284af]" started-at="2026-08-18T09:38:35 IST" name="BrowserTest" finished-at="2026-08-18T09:38:43 IST" duration-ms="8412" status="PASS">
          <reporter-output>
          </reporter-output>
        </test-method> <!-- BrowserTest -->
        <test-method is-config="true" signature="tearDown()[pri:0, instance:com.ParallelTesting.ParallelTestingDemo@6c284af]" started-at="2026-08-18T09:38:43 IST" name="tearDown" finished-at="2026-08-18T09:38:47 IST" duration-ms="3479" status="PASS">
          <reporter-output>
          </reporter-output>
        </test-method> <!-- tearDown -->
      </class> <!-- com.ParallelTesting.ParallelTestingDemo -->
    </test> <!-- EdgeTest -->
    <test started-at="2026-08-18T09:38:29 IST" name="ChromeTest" finished-at="2026-08-18T09:38:47 IST" duration-ms="18031">
      <class name="com.ParallelTesting.ParallelTestingDemo">
        <test-method is-config="true" signature="setUp(java.lang.String)[pri:0, instance:com.ParallelTesting.ParallelTestingDemo@74d1dc36]" started-at="2026-08-18T09:38:29 IST" name="setUp" finished-at="2026-08-18T09:38:31 IST" duration-ms="2108" status="PASS">
          <params>
            <param index="0">
              <value>
                <![CDATA[Chrome]]>
              </value>
            </param>
          </params>
          <reporter-output>
          </reporter-output>
        </test-method> <!-- setUp -->
        <test-method signature="BrowserTest()[pri:0, instance:com.ParallelTesting.ParallelTestingDemo@74d1dc36]" started-at="2026-08-18T09:38:31 IST" name="BrowserTest" finished-at="2026-08-18T09:38:43 IST" duration-ms="11377" status="PASS">
          <reporter-output>
          </reporter-output>
        </test-method> <!-- BrowserTest -->
        <test-method is-config="true" signature="tearDown()[pri:0, instance:com.ParallelTesting.ParallelTestingDemo@74d1dc36]" started-at="2026-08-18T09:38:43 IST" name="tearDown" finished-at="2026-08-18T09:38:47 IST" duration-ms="3805" status="PASS">
          <reporter-output>
          </reporter-output>
        </test-method> <!-- tearDown -->
      </class> <!-- com.ParallelTesting.ParallelTestingDemo -->
    </test> <!-- ChromeTest -->
    <test started-at="2026-08-18T09:38:29 IST" name="FirefoxTest" finished-at="2026-08-18T09:38:49 IST" duration-ms="20024">
      <class name="com.ParallelTesting.ParallelTestingDemo">
        <test-method is-config="true" signature="setUp(java.lang.String)[pri:0, instance:com.ParallelTesting.ParallelTestingDemo@6e9a5ed8]" started-at="2026-08-18T09:38:29 IST" name="setUp" finished-at="2026-08-18T09:38:38 IST" duration-ms="8793" status="PASS">
          <params>
            <param index="0">
              <value>
                <![CDATA[Firefox]]>
              </value>
            </param>
          </params>
          <reporter-output>
          </reporter-output>
        </test-method> <!-- setUp -->
        <test-method signature="BrowserTest()[pri:0, instance:com.ParallelTesting.ParallelTestingDemo@6e9a5ed8]" started-at="2026-08-18T09:38:38 IST" name="BrowserTest" finished-at="2026-08-18T09:38:48 IST" duration-ms="10197" status="PASS">
          <reporter-output>
          </reporter-output>
        </test-method> <!-- BrowserTest -->
        <test-method is-config="true" signature="tearDown()[pri:0, instance:com.ParallelTesting.ParallelTestingDemo@6e9a5ed8]" started-at="2026-08-18T09:38:48 IST" name="tearDown" finished-at="2026-08-18T09:38:49 IST" duration-ms="957" status="PASS">
          <reporter-output>
          </reporter-output>
        </test-method> <!-- tearDown -->
      </class> <!-- com.ParallelTesting.ParallelTestingDemo -->
    </test> <!-- FirefoxTest -->
  </suite> <!-- Suite -->
</testng-results>
