<?xml version="1.0" encoding="UTF-8"?>
<!-- Generated by org.testng.reporters.JUnitReportReporter -->
<testsuite hostname="NeerajsYoga" failures="0" tests="3" name="com.ParallelTesting.ParallelTestingDemo" time="29.986" errors="0" timestamp="2026-08-18T09:38:49 IST" skipped="0">
  <testcase classname="com.ParallelTesting.ParallelTestingDemo" name="BrowserTest" time="8.412"/>
  <testcase classname="com.ParallelTesting.ParallelTestingDemo" name="BrowserTest" time="10.197"/>
  <testcase classname="com.ParallelTesting.ParallelTestingDemo" name="BrowserTest" time="11.377"/>
</testsuite> <!-- com.ParallelTesting.ParallelTestingDemo -->
